20:13:28 INFO  manager.ApplicationManager - All tests start in 'Chrome' browser
20:13:29 INFO  tests.TestBase - Name of test --->loginSuccessTestDataProvider
20:13:29 INFO  manager.MyListener - Start find 'element'-----> By.xpath: //button[text()='Sign Out']
20:13:34 INFO  manager.MyListener - The element with 'locator'---> By.xpath: //button[text()='Sign Out']--> was found
20:13:34 INFO  tests.TestBase - The test start with email:lina@gmail.com && password :Lina12345$
20:13:34 INFO  manager.MyListener - Start find 'element'-----> By.cssSelector: [href= '/login']
20:13:34 INFO  manager.MyListener - The element with 'locator'---> By.cssSelector: [href= '/login']--> was found
20:13:34 INFO  manager.MyListener - Start find 'element'-----> By.cssSelector: [placeholder='Email']
20:13:34 INFO  manager.MyListener - The element with 'locator'---> By.cssSelector: [placeholder='Email']--> was found
20:13:34 INFO  manager.MyListener - Start find 'element'-----> By.cssSelector: [placeholder='Email']
20:13:34 INFO  manager.MyListener - The element with 'locator'---> By.cssSelector: [placeholder='Email']--> was found
20:13:34 INFO  manager.MyListener - Start find 'element'-----> By.cssSelector: [placeholder='Email']
20:13:34 INFO  manager.MyListener - The element with 'locator'---> By.cssSelector: [placeholder='Email']--> was found
20:13:34 INFO  manager.MyListener - Start find 'element'-----> By.cssSelector: [placeholder='Password']
20:13:35 INFO  manager.MyListener - The element with 'locator'---> By.cssSelector: [placeholder='Password']--> was found
20:13:35 INFO  manager.MyListener - Start find 'element'-----> By.cssSelector: [placeholder='Password']
20:13:35 INFO  manager.MyListener - The element with 'locator'---> By.cssSelector: [placeholder='Password']--> was found
20:13:35 INFO  manager.MyListener - Start find 'element'-----> By.cssSelector: [placeholder='Password']
20:13:35 INFO  manager.MyListener - The element with 'locator'---> By.cssSelector: [placeholder='Password']--> was found
20:13:35 INFO  manager.MyListener - Start find 'element'-----> By.cssSelector: button
20:13:35 INFO  manager.MyListener - The element with 'locator'---> By.cssSelector: button--> was found
20:13:37 INFO  manager.MyListener - Start find 'element'-----> By.xpath: //button[text()='Sign Out']
20:13:37 INFO  manager.MyListener - The element with 'locator'---> By.xpath: //button[text()='Sign Out']--> was found
20:13:37 INFO  tests.TestBase - Name of test --->loginSuccessTestDataProvider
20:13:37 INFO  manager.MyListener - Start find 'element'-----> By.xpath: //button[text()='Sign Out']
20:13:37 INFO  manager.MyListener - The element with 'locator'---> By.xpath: //button[text()='Sign Out']--> was found
20:13:37 INFO  manager.MyListener - Start find 'element'-----> By.xpath: //button[text()='Sign Out']
20:13:37 INFO  manager.MyListener - The element with 'locator'---> By.xpath: //button[text()='Sign Out']--> was found
20:13:37 INFO  tests.TestBase - The test start with email:lina@gmail.com && password :Lina12345$
20:13:37 INFO  manager.MyListener - Start find 'element'-----> By.cssSelector: [href= '/login']
20:13:37 INFO  manager.MyListener - The element with 'locator'---> By.cssSelector: [href= '/login']--> was found
20:13:37 INFO  manager.MyListener - Start find 'element'-----> By.cssSelector: [placeholder='Email']
20:13:37 INFO  manager.MyListener - The element with 'locator'---> By.cssSelector: [placeholder='Email']--> was found
20:13:37 INFO  manager.MyListener - Start find 'element'-----> By.cssSelector: [placeholder='Email']
20:13:37 INFO  manager.MyListener - The element with 'locator'---> By.cssSelector: [placeholder='Email']--> was found
20:13:37 INFO  manager.MyListener - Start find 'element'-----> By.cssSelector: [placeholder='Email']
20:13:37 INFO  manager.MyListener - The element with 'locator'---> By.cssSelector: [placeholder='Email']--> was found
20:13:37 INFO  manager.MyListener - Start find 'element'-----> By.cssSelector: [placeholder='Password']
20:13:37 INFO  manager.MyListener - The element with 'locator'---> By.cssSelector: [placeholder='Password']--> was found
20:13:38 INFO  manager.MyListener - Start find 'element'-----> By.cssSelector: [placeholder='Password']
20:13:38 INFO  manager.MyListener - The element with 'locator'---> By.cssSelector: [placeholder='Password']--> was found
20:13:38 INFO  manager.MyListener - Start find 'element'-----> By.cssSelector: [placeholder='Password']
20:13:38 INFO  manager.MyListener - The element with 'locator'---> By.cssSelector: [placeholder='Password']--> was found
20:13:38 INFO  manager.MyListener - Start find 'element'-----> By.cssSelector: button
20:13:38 INFO  manager.MyListener - The element with 'locator'---> By.cssSelector: button--> was found
20:13:40 INFO  manager.MyListener - Start find 'element'-----> By.xpath: //button[text()='Sign Out']
20:13:40 INFO  manager.MyListener - The element with 'locator'---> By.xpath: //button[text()='Sign Out']--> was found
20:13:40 INFO  tests.TestBase - Name of test --->loginSuccessTestDataProvider
20:13:40 INFO  manager.MyListener - Start find 'element'-----> By.xpath: //button[text()='Sign Out']
20:13:40 INFO  manager.MyListener - The element with 'locator'---> By.xpath: //button[text()='Sign Out']--> was found
20:13:40 INFO  manager.MyListener - Start find 'element'-----> By.xpath: //button[text()='Sign Out']
20:13:40 INFO  manager.MyListener - The element with 'locator'---> By.xpath: //button[text()='Sign Out']--> was found
20:13:40 INFO  tests.TestBase - The test start with email:lina@gmail.com && password :Lina12345$
20:13:40 INFO  manager.MyListener - Start find 'element'-----> By.cssSelector: [href= '/login']
20:13:40 INFO  manager.MyListener - The element with 'locator'---> By.cssSelector: [href= '/login']--> was found
20:13:40 INFO  manager.MyListener - Start find 'element'-----> By.cssSelector: [placeholder='Email']
20:13:40 INFO  manager.MyListener - The element with 'locator'---> By.cssSelector: [placeholder='Email']--> was found
20:13:40 INFO  manager.MyListener - Start find 'element'-----> By.cssSelector: [placeholder='Email']
20:13:40 INFO  manager.MyListener - The element with 'locator'---> By.cssSelector: [placeholder='Email']--> was found
20:13:40 INFO  manager.MyListener - Start find 'element'-----> By.cssSelector: [placeholder='Email']
20:13:40 INFO  manager.MyListener - The element with 'locator'---> By.cssSelector: [placeholder='Email']--> was found
20:13:40 INFO  manager.MyListener - Start find 'element'-----> By.cssSelector: [placeholder='Password']
20:13:40 INFO  manager.MyListener - The element with 'locator'---> By.cssSelector: [placeholder='Password']--> was found
20:13:41 INFO  manager.MyListener - Start find 'element'-----> By.cssSelector: [placeholder='Password']
20:13:41 INFO  manager.MyListener - The element with 'locator'---> By.cssSelector: [placeholder='Password']--> was found
20:13:41 INFO  manager.MyListener - Start find 'element'-----> By.cssSelector: [placeholder='Password']
20:13:41 INFO  manager.MyListener - The element with 'locator'---> By.cssSelector: [placeholder='Password']--> was found
20:13:41 INFO  manager.MyListener - Start find 'element'-----> By.cssSelector: button
20:13:41 INFO  manager.MyListener - The element with 'locator'---> By.cssSelector: button--> was found
20:13:43 INFO  manager.MyListener - Start find 'element'-----> By.xpath: //button[text()='Sign Out']
20:13:43 INFO  manager.MyListener - The element with 'locator'---> By.xpath: //button[text()='Sign Out']--> was found
20:13:43 INFO  tests.TestBase - Name of test --->loginSuccessTestDataProvider
20:13:43 INFO  manager.MyListener - Start find 'element'-----> By.xpath: //button[text()='Sign Out']
20:13:43 INFO  manager.MyListener - The element with 'locator'---> By.xpath: //button[text()='Sign Out']--> was found
20:13:43 INFO  manager.MyListener - Start find 'element'-----> By.xpath: //button[text()='Sign Out']
20:13:43 INFO  manager.MyListener - The element with 'locator'---> By.xpath: //button[text()='Sign Out']--> was found
20:13:43 INFO  tests.TestBase - The test 'Login valid data' start with data---->User{email='lina@gmail.com', password='null'}
20:13:43 INFO  manager.MyListener - Start find 'element'-----> By.cssSelector: [href= '/login']
20:13:43 INFO  manager.MyListener - The element with 'locator'---> By.cssSelector: [href= '/login']--> was found
20:13:43 INFO  manager.MyListener - Start find 'element'-----> By.cssSelector: [placeholder='Email']
20:13:43 INFO  manager.MyListener - The element with 'locator'---> By.cssSelector: [placeholder='Email']--> was found
20:13:43 INFO  manager.MyListener - Start find 'element'-----> By.cssSelector: [placeholder='Email']
20:13:43 INFO  manager.MyListener - The element with 'locator'---> By.cssSelector: [placeholder='Email']--> was found
20:13:43 INFO  manager.MyListener - Start find 'element'-----> By.cssSelector: [placeholder='Email']
20:13:43 INFO  manager.MyListener - The element with 'locator'---> By.cssSelector: [placeholder='Email']--> was found
20:13:44 INFO  manager.MyListener - Start find 'element'-----> By.cssSelector: button
20:13:44 INFO  manager.MyListener - The element with 'locator'---> By.cssSelector: button--> was found
20:13:46 INFO  manager.MyListener - Start find 'element'-----> By.xpath: //button[text()='Sign Out']
20:13:46 INFO  manager.MyListener - We have a 'throwable'-----> unexpected alert open: {Alert text : Wrong email or password format
            Email must contains one @ and minimum 2 symbols after last dot
            Password must contain at least one uppercase letter!
            Password must contain at least one lowercase letter!
            Password must contain at least one digit!
            Password must contain at least one special symbol from [‘$’,’~’,’-‘,’_’]!}
  (Session info: chrome=97.0.4692.99): Wrong email or password format
            Email must contains one @ and minimum 2 symbols after last dot
            Password must contain at least one uppercase letter!
            Password must contain at least one lowercase letter!
            Password must contain at least one digit!
            Password must contain at least one special symbol from [‘$’,’~’,’-‘,’_’]!
Build info: version: '3.141.59', revision: 'e82be7d358', time: '2018-11-14T08:17:03'
System info: host: 'LAPTOP-LTM1R0HP', ip: '192.168.1.59', os.name: 'Windows 10', os.arch: 'amd64', os.version: '10.0', java.version: '1.8.0_311'
Driver info: org.openqa.selenium.chrome.ChromeDriver
Capabilities {acceptInsecureCerts: false, browserName: chrome, browserVersion: 97.0.4692.99, chrome: {chromedriverVersion: 96.0.4664.45 (76e4c1bb2ab46..., userDataDir: C:\Users\C114~1\AppData\Loc...}, goog:chromeOptions: {debuggerAddress: localhost:62839}, javascriptEnabled: true, networkConnectionEnabled: false, pageLoadStrategy: normal, platform: WINDOWS, platformName: WINDOWS, proxy: Proxy(), setWindowRect: true, strictFileInteractability: false, timeouts: {implicit: 0, pageLoad: 300000, script: 30000}, unhandledPromptBehavior: dismiss and notify, webauthn:extension:credBlob: true, webauthn:extension:largeBlob: true, webauthn:virtualAuthenticators: true}
Session ID: 40949baef79ec01399522847636b509b
*** Element info: {Using=xpath, value=//button[text()='Sign Out']}
20:13:46 INFO  manager.MyListener - org.openqa.selenium.UnhandledAlertException: unexpected alert open: {Alert text : Wrong email or password format
            Email must contains one @ and minimum 2 symbols after last dot
            Password must contain at least one uppercase letter!
            Password must contain at least one lowercase letter!
            Password must contain at least one digit!
            Password must contain at least one special symbol from [‘$’,’~’,’-‘,’_’]!}
  (Session info: chrome=97.0.4692.99): Wrong email or password format
            Email must contains one @ and minimum 2 symbols after last dot
            Password must contain at least one uppercase letter!
            Password must contain at least one lowercase letter!
            Password must contain at least one digit!
            Password must contain at least one special symbol from [‘$’,’~’,’-‘,’_’]!
Build info: version: '3.141.59', revision: 'e82be7d358', time: '2018-11-14T08:17:03'
System info: host: 'LAPTOP-LTM1R0HP', ip: '192.168.1.59', os.name: 'Windows 10', os.arch: 'amd64', os.version: '10.0', java.version: '1.8.0_311'
Driver info: org.openqa.selenium.chrome.ChromeDriver
Capabilities {acceptInsecureCerts: false, browserName: chrome, browserVersion: 97.0.4692.99, chrome: {chromedriverVersion: 96.0.4664.45 (76e4c1bb2ab46..., userDataDir: C:\Users\C114~1\AppData\Loc...}, goog:chromeOptions: {debuggerAddress: localhost:62839}, javascriptEnabled: true, networkConnectionEnabled: false, pageLoadStrategy: normal, platform: WINDOWS, platformName: WINDOWS, proxy: Proxy(), setWindowRect: true, strictFileInteractability: false, timeouts: {implicit: 0, pageLoad: 300000, script: 30000}, unhandledPromptBehavior: dismiss and notify, webauthn:extension:credBlob: true, webauthn:extension:largeBlob: true, webauthn:virtualAuthenticators: true}
Session ID: 40949baef79ec01399522847636b509b
*** Element info: {Using=xpath, value=//button[text()='Sign Out']}
20:13:46 INFO  manager.MyListener - This is 'link of your screen' with error--->src/test/screenshots/screen826.png
20:13:46 INFO  tests.TestBase - Name of test --->loginSuccessTestDataProvider
20:13:46 INFO  manager.MyListener - Start find 'element'-----> By.xpath: //button[text()='Sign Out']
20:13:51 INFO  manager.MyListener - The element with 'locator'---> By.xpath: //button[text()='Sign Out']--> was found
20:13:51 INFO  tests.TestBase - The test 'Login valid data' start with data---->User{email='null', password='Lina12345$'}
20:13:51 INFO  manager.MyListener - Start find 'element'-----> By.cssSelector: [href= '/login']
20:13:51 INFO  manager.MyListener - We have a 'throwable'-----> no such window: target window already closed
from unknown error: web view not found
  (Session info: chrome=97.0.4692.99)
Build info: version: '3.141.59', revision: 'e82be7d358', time: '2018-11-14T08:17:03'
System info: host: 'LAPTOP-LTM1R0HP', ip: '192.168.1.59', os.name: 'Windows 10', os.arch: 'amd64', os.version: '10.0', java.version: '1.8.0_311'
Driver info: org.openqa.selenium.chrome.ChromeDriver
Capabilities {acceptInsecureCerts: false, browserName: chrome, browserVersion: 97.0.4692.99, chrome: {chromedriverVersion: 96.0.4664.45 (76e4c1bb2ab46..., userDataDir: C:\Users\C114~1\AppData\Loc...}, goog:chromeOptions: {debuggerAddress: localhost:62839}, javascriptEnabled: true, networkConnectionEnabled: false, pageLoadStrategy: normal, platform: WINDOWS, platformName: WINDOWS, proxy: Proxy(), setWindowRect: true, strictFileInteractability: false, timeouts: {implicit: 0, pageLoad: 300000, script: 30000}, unhandledPromptBehavior: dismiss and notify, webauthn:extension:credBlob: true, webauthn:extension:largeBlob: true, webauthn:virtualAuthenticators: true}
Session ID: 40949baef79ec01399522847636b509b
*** Element info: {Using=css selector, value=[href= '/login']}
20:13:51 INFO  manager.MyListener - org.openqa.selenium.NoSuchWindowException: no such window: target window already closed
from unknown error: web view not found
  (Session info: chrome=97.0.4692.99)
Build info: version: '3.141.59', revision: 'e82be7d358', time: '2018-11-14T08:17:03'
System info: host: 'LAPTOP-LTM1R0HP', ip: '192.168.1.59', os.name: 'Windows 10', os.arch: 'amd64', os.version: '10.0', java.version: '1.8.0_311'
Driver info: org.openqa.selenium.chrome.ChromeDriver
Capabilities {acceptInsecureCerts: false, browserName: chrome, browserVersion: 97.0.4692.99, chrome: {chromedriverVersion: 96.0.4664.45 (76e4c1bb2ab46..., userDataDir: C:\Users\C114~1\AppData\Loc...}, goog:chromeOptions: {debuggerAddress: localhost:62839}, javascriptEnabled: true, networkConnectionEnabled: false, pageLoadStrategy: normal, platform: WINDOWS, platformName: WINDOWS, proxy: Proxy(), setWindowRect: true, strictFileInteractability: false, timeouts: {implicit: 0, pageLoad: 300000, script: 30000}, unhandledPromptBehavior: dismiss and notify, webauthn:extension:credBlob: true, webauthn:extension:largeBlob: true, webauthn:virtualAuthenticators: true}
Session ID: 40949baef79ec01399522847636b509b
*** Element info: {Using=css selector, value=[href= '/login']}
20:13:51 INFO  manager.MyListener - This is 'link of your screen' with error--->src/test/screenshots/screen831.png
20:13:51 INFO  tests.TestBase - Name of test --->loginSuccessTestDataProvider
20:13:51 INFO  manager.MyListener - Start find 'element'-----> By.xpath: //button[text()='Sign Out']
20:13:51 INFO  manager.MyListener - We have a 'throwable'-----> no such window: target window already closed
from unknown error: web view not found
  (Session info: chrome=97.0.4692.99)
Build info: version: '3.141.59', revision: 'e82be7d358', time: '2018-11-14T08:17:03'
System info: host: 'LAPTOP-LTM1R0HP', ip: '192.168.1.59', os.name: 'Windows 10', os.arch: 'amd64', os.version: '10.0', java.version: '1.8.0_311'
Driver info: org.openqa.selenium.chrome.ChromeDriver
Capabilities {acceptInsecureCerts: false, browserName: chrome, browserVersion: 97.0.4692.99, chrome: {chromedriverVersion: 96.0.4664.45 (76e4c1bb2ab46..., userDataDir: C:\Users\C114~1\AppData\Loc...}, goog:chromeOptions: {debuggerAddress: localhost:62839}, javascriptEnabled: true, networkConnectionEnabled: false, pageLoadStrategy: normal, platform: WINDOWS, platformName: WINDOWS, proxy: Proxy(), setWindowRect: true, strictFileInteractability: false, timeouts: {implicit: 0, pageLoad: 300000, script: 30000}, unhandledPromptBehavior: dismiss and notify, webauthn:extension:credBlob: true, webauthn:extension:largeBlob: true, webauthn:virtualAuthenticators: true}
Session ID: 40949baef79ec01399522847636b509b
*** Element info: {Using=xpath, value=//button[text()='Sign Out']}
20:13:51 INFO  manager.MyListener - org.openqa.selenium.NoSuchWindowException: no such window: target window already closed
from unknown error: web view not found
  (Session info: chrome=97.0.4692.99)
Build info: version: '3.141.59', revision: 'e82be7d358', time: '2018-11-14T08:17:03'
System info: host: 'LAPTOP-LTM1R0HP', ip: '192.168.1.59', os.name: 'Windows 10', os.arch: 'amd64', os.version: '10.0', java.version: '1.8.0_311'
Driver info: org.openqa.selenium.chrome.ChromeDriver
Capabilities {acceptInsecureCerts: false, browserName: chrome, browserVersion: 97.0.4692.99, chrome: {chromedriverVersion: 96.0.4664.45 (76e4c1bb2ab46..., userDataDir: C:\Users\C114~1\AppData\Loc...}, goog:chromeOptions: {debuggerAddress: localhost:62839}, javascriptEnabled: true, networkConnectionEnabled: false, pageLoadStrategy: normal, platform: WINDOWS, platformName: WINDOWS, proxy: Proxy(), setWindowRect: true, strictFileInteractability: false, timeouts: {implicit: 0, pageLoad: 300000, script: 30000}, unhandledPromptBehavior: dismiss and notify, webauthn:extension:credBlob: true, webauthn:extension:largeBlob: true, webauthn:virtualAuthenticators: true}
Session ID: 40949baef79ec01399522847636b509b
*** Element info: {Using=xpath, value=//button[text()='Sign Out']}
20:13:51 INFO  manager.MyListener - This is 'link of your screen' with error--->src/test/screenshots/screen831.png
